2026-07-01 09:39:19,551 [INFO] rsis.checkpoint: Checkpoint created: fe064ca7e2f4 — rsis-checkpoint: rsis-initialised [2026-06-30T23:39:19+00:00]
2026-07-01 09:39:20,147 [INFO] rsis.telemetry: Telemetry collector started (session=b7772125)
2026-07-01 09:39:20,149 [INFO] rsis.loop_l2: L2 session starting — goal: optimize imports
2026-07-01 09:39:20,149 [INFO] rsis.loop_l2: L2 attempt 1/5
2026-07-01 09:39:20,243 [INFO] rsis.checkpoint: Checkpoint created: b565af9e887d — rsis-checkpoint: l2-candidate-1 [2026-06-30T23:39:20+00:00]
2026-07-01 09:39:20,244 [INFO] rsis.evaluator: Submitting candidate to evaluator: Stub improvement: optimize imports
2026-07-01 09:39:20,316 [INFO] rsis.loop_l2: L2 candidate approved on attempt 1
2026-07-01 09:39:20,319 [INFO] rsis.loop_l2: Applying improvement: Stub improvement: optimize imports
2026-07-01 09:39:20,320 [INFO] rsis.loop_l2:   Would write to: stub.py
2026-07-01 09:39:20,393 [INFO] rsis.checkpoint: Checkpoint created: e59c7c8a4242 — rsis-checkpoint: l2-applied-1-Stub improvement: optimize imp [2026-06-30T23:39:20+00:00]
2026-07-01 09:39:20,395 [INFO] rsis.memory: Recorded improvement-0 — applied
2026-07-01 09:39:20,395 [INFO] rsis.loop_l1: L1 executing task: optimize imports
2026-07-01 09:39:20,396 [INFO] rsis.loop_l1: L1 task complete after 1 steps
2026-07-01 09:39:25,755 [INFO] rsis.telemetry: Telemetry collector started (session=562a4890)
2026-07-01 09:39:25,757 [INFO] rsis.memory: KG loaded (1 nodes, 0 edges)
2026-07-01 09:39:25,758 [INFO] rsis.memory: Vector store loaded (1 documents)
2026-07-01 09:39:25,758 [INFO] rsis.loop_l2: L2 session starting — goal: fix error handling
2026-07-01 09:39:25,759 [INFO] rsis.loop_l2: L2 attempt 1/5
2026-07-01 09:39:25,848 [INFO] rsis.checkpoint: Checkpoint created: e0625dc1a538 — rsis-checkpoint: l2-candidate-1 [2026-06-30T23:39:25+00:00]
2026-07-01 09:39:25,849 [INFO] rsis.evaluator: Submitting candidate to evaluator: Stub improvement: fix error handling
2026-07-01 09:39:25,930 [INFO] rsis.loop_l2: L2 candidate approved on attempt 1
2026-07-01 09:39:25,932 [INFO] rsis.loop_l2: Applying improvement: Stub improvement: fix error handling
2026-07-01 09:39:25,934 [INFO] rsis.loop_l2:   Would write to: stub.py
